[INFO ] 2025-06-05 17:56:08.488 [restartedMain][DirectJDKLog.java] [/] - Initializing Spring embedded WebApplicationContext
[INFO ] 2025-06-05 17:56:08.492 [restartedMain][ServletWebServerApplicationContext.java] ServletWebServerApplicationContext - Root WebApplicationContext: initialization completed in 2912 ms
[INFO ] 2025-06-05 17:56:09.088 [restartedMain][LogHelper.java] LogHelper - HHH000204: Processing PersistenceUnitInfo [name: default]
[INFO ] 2025-06-05 17:56:09.147 [restartedMain][Version.java] Version - HHH000412: Hibernate ORM core version 6.6.8.Final
[INFO ] 2025-06-05 17:56:09.184 [restartedMain][RegionFactoryInitiator.java] RegionFactoryInitiator - HHH000026: Second-level cache disabled
[INFO ] 2025-06-05 17:56:09.449 [restartedMain][SpringPersistenceUnitInfo.java] SpringPersistenceUnitInfo - No LoadTimeWeaver setup: ignoring JPA class transformer
[INFO ] 2025-06-05 17:56:09.480 [restartedMain][HikariDataSource.java] HikariDataSource - HikariPool-1 - Starting...
[INFO ] 2025-06-05 17:56:09.706 [restartedMain][HikariPool.java] HikariPool - HikariPool-1 - Added connection org.postgresql.jdbc.PgConnection@63e2152c
[INFO ] 2025-06-05 17:56:09.708 [restartedMain][HikariDataSource.java] HikariDataSource - HikariPool-1 - Start completed.
[INFO ] 2025-06-05 17:56:09.759 [restartedMain][JdbcEnvironmentInitiator.java] pooling - HHH10001005: Database info:
	Database JDBC URL [Connecting through datasource 'p6SpyDataSourceDecorator [com.p6spy.engine.spy.P6DataSource] -> dataSource [com.zaxxer.hikari.HikariDataSource]']
	Database driver: undefined/unknown
	Database version: 15.12
	Autocommit mode: undefined/unknown
	Isolation level: undefined/unknown
	Minimum pool size: undefined/unknown
	Maximum pool size: undefined/unknown
[INFO ] 2025-06-05 17:56:10.409 [restartedMain][JtaPlatformInitiator.java] JtaPlatformInitiator - HHH000489: No JTA platform available (set 'hibernate.transaction.jta.platform' to enable JTA platform integration)
[INFO ] 2025-06-05 17:56:10.431 [restartedMain][Slf4JLogger.java] p6spy - #1749113770431 | took 5ms | statement | connection 1| url jdbc:postgresql://localhost:5432/postgres
select * from information_schema.sequences
select * from information_schema.sequences;
[INFO ] 2025-06-05 17:56:10.449 [restartedMain][AbstractEntityManagerFactoryBean.java] LocalContainerEntityManagerFactoryBean - Initialized JPA EntityManagerFactory for persistence unit 'default'
[WARN ] 2025-06-05 17:56:11.366 [restartedMain][JpaBaseConfiguration.java] JpaBaseConfiguration$JpaWebConfiguration - spring.jpa.open-in-view is enabled by default. Therefore, database queries may be performed during view rendering. Explicitly configure spring.jpa.open-in-view to disable this warning
[WARN ] 2025-06-05 17:56:11.398 [restartedMain][UserDetailsServiceAutoConfiguration.java] UserDetailsServiceAutoConfiguration - 

Using generated security password: a9fe4e3f-40cc-4950-a824-ee004830c808

This generated password is for development use only. Your security configuration must be updated before running your application in production.

[INFO ] 2025-06-05 17:56:11.404 [restartedMain][InitializeUserDetailsBeanManagerConfigurer.java] InitializeUserDetailsBeanManagerConfigurer$InitializeUserDetailsManagerConfigurer - Global AuthenticationManager configured with UserDetailsService bean with name inMemoryUserDetailsManager
[INFO ] 2025-06-05 17:56:12.885 [restartedMain][InetUtils.java] InetUtils - Cannot determine local hostname
[INFO ] 2025-06-05 17:56:12.976 [restartedMain][EndpointLinksResolver.java] EndpointLinksResolver - Exposing 3 endpoints beneath base path '/actuator'
[WARN ] 2025-06-05 17:56:13.241 [restartedMain][ThymeleafAutoConfiguration.java] ThymeleafAutoConfiguration$DefaultTemplateResolverConfiguration - Cannot find template location: classpath:/templates/ (please add some templates, check your Thymeleaf configuration, or set spring.thymeleaf.check-template-location=false)
[INFO ] 2025-06-05 17:56:14.052 [restartedMain][OptionalLiveReloadServer.java] OptionalLiveReloadServer - LiveReload server is running on port 35729
[INFO ] 2025-06-05 17:56:15.063 [restartedMain][InetUtils.java] InetUtils - Cannot determine local hostname
[INFO ] 2025-06-05 17:56:15.080 [restartedMain][DiscoveryClientOptionalArgsConfiguration.java] DiscoveryClientOptionalArgsConfiguration - Eureka HTTP Client uses RestTemplate.
[WARN ] 2025-06-05 17:56:15.130 [restartedMain][LoadBalancerCacheAutoConfiguration.java] LoadBalancerCacheAutoConfiguration$LoadBalancerCaffeineWarnLogger - Spring Cloud LoadBalancer is currently working with the default cache. While this cache implementation is useful for development and tests, it's recommended to use Caffeine cache in production.You can switch to using Caffeine cache, by adding it and org.springframework.cache.caffeine.CaffeineCacheManager to the classpath.
[INFO ] 2025-06-05 17:56:15.284 [restartedMain][LogAccessor.java] EventDrivenConsumer - Adding {logging-channel-adapter:_org.springframework.integration.errorLogger} as a subscriber to the 'errorChannel' channel
[INFO ] 2025-06-05 17:56:15.285 [restartedMain][LogAccessor.java] PublishSubscribeChannel - Channel 'userService.errorChannel' has 1 subscriber(s).
[INFO ] 2025-06-05 17:56:15.287 [restartedMain][LogAccessor.java] EventDrivenConsumer - started bean '_org.springframework.integration.errorLogger'
[INFO ] 2025-06-05 17:56:15.300 [restartedMain][InstanceInfoFactory.java] InstanceInfoFactory - Setting initial instance status as: STARTING
[INFO ] 2025-06-05 17:56:15.320 [restartedMain][DiscoveryClient.java] DiscoveryClient - Initializing Eureka in region us-east-1
[INFO ] 2025-06-05 17:56:15.323 [restartedMain][ConfigClusterResolver.java] ConfigClusterResolver - Resolving eureka endpoints via configuration
[INFO ] 2025-06-05 17:56:15.333 [restartedMain][DiscoveryClient.java] DiscoveryClient - Disable delta property : false
[INFO ] 2025-06-05 17:56:15.333 [restartedMain][DiscoveryClient.java] DiscoveryClient - Single vip registry refresh property : null
[INFO ] 2025-06-05 17:56:15.334 [restartedMain][DiscoveryClient.java] DiscoveryClient - Force full registry fetch : false
[INFO ] 2025-06-05 17:56:15.334 [restartedMain][DiscoveryClient.java] DiscoveryClient - Application is null : false
[INFO ] 2025-06-05 17:56:15.334 [restartedMain][DiscoveryClient.java] DiscoveryClient - Registered Applications size is zero : true
[INFO ] 2025-06-05 17:56:15.334 [restartedMain][DiscoveryClient.java] DiscoveryClient - Application version is -1: true
[INFO ] 2025-06-05 17:56:15.334 [restartedMain][DiscoveryClient.java] DiscoveryClient - Getting all instance registry info from the eureka server
[INFO ] 2025-06-05 17:56:15.549 [restartedMain][DiscoveryClient.java] DiscoveryClient - The response status is 200
[INFO ] 2025-06-05 17:56:15.552 [restartedMain][DiscoveryClient.java] DiscoveryClient - Starting heartbeat executor: renew interval is: 30
[INFO ] 2025-06-05 17:56:15.553 [restartedMain][InstanceInfoReplicator.java] InstanceInfoReplicator - InstanceInfoReplicator onDemand update allowed rate per min is 4
[INFO ] 2025-06-05 17:56:15.554 [restartedMain][DiscoveryClient.java] DiscoveryClient - Discovery Client initialized at timestamp 1749113775554 with initial instances count: 4
[INFO ] 2025-06-05 17:56:15.558 [restartedMain][EurekaServiceRegistry.java] EurekaServiceRegistry - Registering application USERSERVICE with eureka with status UP
[INFO ] 2025-06-05 17:56:15.559 [restartedMain][DiscoveryClient.java] DiscoveryClient - Saw local status change event StatusChangeEvent [timestamp=1749113775559, current=UP, previous=STARTING]
[INFO ] 2025-06-05 17:56:15.560 [DiscoveryClient-InstanceInfoReplicator-%d][DiscoveryClient.java] DiscoveryClient - DiscoveryClient_USERSERVICE/localhost:userService:8083: registering service...
[INFO ] 2025-06-05 17:56:15.560 [restartedMain][DirectJDKLog.java] Http11NioProtocol - Starting ProtocolHandler ["http-nio-8083"]
[INFO ] 2025-06-05 17:56:15.582 [restartedMain][TomcatWebServer.java] TomcatWebServer - Tomcat started on port 8083 (http) with context path '/'
[INFO ] 2025-06-05 17:56:15.583 [restartedMain][EurekaAutoServiceRegistration.java] EurekaAutoServiceRegistration - Updating port to 8083
[INFO ] 2025-06-05 17:56:15.600 [DiscoveryClient-InstanceInfoReplicator-%d][DiscoveryClient.java] DiscoveryClient - DiscoveryClient_USERSERVICE/localhost:userService:8083 - registration status: 204
[INFO ] 2025-06-05 17:56:16.588 [restartedMain][InetUtils.java] InetUtils - Cannot determine local hostname
[INFO ] 2025-06-05 17:56:16.599 [restartedMain][StartupInfoLogger.java] UserServiceApplication - Started UserServiceApplication in 16.685 seconds (process running for 17.549)
[INFO ] 2025-06-05 18:01:15.347 [AsyncResolver-bootstrap-executor-%d][ConfigClusterResolver.java] ConfigClusterResolver - Resolving eureka endpoints via configuration
